00:00:00.000137 main     VirtualBox XPCOM Server 7.0.6 r155176 linux.amd64 (Jan 11 2023 17:07:39) release log
00:00:00.000139 main     Log opened 2023-02-13T05:54:43.638701000Z
00:00:00.000139 main     Build Type: release
00:00:00.000141 main     OS Product: Linux
00:00:00.000142 main     OS Release: 5.15.0-58-generic
00:00:00.000142 main     OS Version: #64-Ubuntu SMP Thu Jan 5 11:43:13 UTC 2023
00:00:00.000158 main     DMI Product Name: System Product Name
00:00:00.000162 main     DMI Product Version: System Version
00:00:00.000166 main     Firmware type: UEFI
00:00:00.000254 main     Secure Boot: Disabled
00:00:00.000287 main     Host RAM: 64212MB (62.7GB) total, 31984MB (31.2GB) available
00:00:00.000289 main     Executable: /usr/lib/virtualbox/VBoxSVC
00:00:00.000289 main     Process ID: 948697
00:00:00.000290 main     Package type: LINUX_64BITS_UBUNTU_22_04
00:00:00.000979 main     IPC socket path: /tmp/.vbox-n-ipc/ipcd
00:00:00.102885 nspr-2   VirtualBox: object creation starts
00:00:00.103345 nspr-2   Home directory: '/home/n/.config/VirtualBox'
00:00:00.103533 nspr-2   Loading settings file "/home/n/.config/VirtualBox/VirtualBox.xml" with version "1.18-linux"
00:00:00.104866 nspr-2   HostDnsMonitor: initializing
00:00:00.105000 nspr-2   NAT: resolv.conf: nameserver 127.0.0.53
00:00:00.105006 nspr-2   NAT: resolv.conf: ignoring "options edns0 trust-ad"
00:00:00.105013 nspr-2   HostDnsMonitor: updating information
00:00:00.105022 nspr-2   HostDnsMonitor: old information
00:00:00.105025 nspr-2     no server entries
00:00:00.105027 nspr-2     no domain set
00:00:00.105030 nspr-2     no search string entries
00:00:00.105032 nspr-2   HostDnsMonitor: new information
00:00:00.105035 nspr-2     server 1: 127.0.0.53
00:00:00.105038 nspr-2     domain: .
00:00:00.105040 nspr-2     search string 1: .
00:00:00.106662 nspr-2   VD: VDInit finished with VINF_SUCCESS
00:00:00.108439 nspr-2   OCI: Local config file '/home/n/.config/VirtualBox/oci_config' does not exist
00:00:00.108449 nspr-2   OCI: Original config file '/home/n/.oci/config' does not exist
00:00:00.108453 nspr-2   OCI: Reading profiles finished with status NS_OK
00:00:00.108459 nspr-2   ExtPack: Created cloud provider 'OCI' (hrc=NS_OK)
00:00:00.108493 nspr-2   VirtualBox: object created
00:00:00.134185 nspr-4   Saving settings file "/home/n/.config/VirtualBox/VirtualBox.xml" with version "1.18-linux"
00:00:00.141378 nspr-4   Finished saving settings file "/home/n/.config/VirtualBox/VirtualBox.xml"
00:00:00.141487 nspr-4   Saving settings file "/home/n/.config/VirtualBox/VirtualBox.xml" with version "1.18-linux"
00:00:00.147438 nspr-4   Finished saving settings file "/home/n/.config/VirtualBox/VirtualBox.xml"
00:00:00.147569 nspr-4   Saving settings file "/home/n/.config/VirtualBox/VirtualBox.xml" with version "1.18-linux"
00:00:00.153523 nspr-4   Finished saving settings file "/home/n/.config/VirtualBox/VirtualBox.xml"
00:00:00.700174 nspr-3   WARNING [COM]: aRC=NS_ERROR_FAILURE (0x80004005) aIID={e54f6256-97a7-4947-8a78-10c013ddf4b8} aComponent={HostWrap} aText={VirtualBox is not currently allowed to access USB devices.  You can change this by adding your user to the 'vboxusers' group.  Please see the user manual for a more detailed explanation}, preserve=false aResultDetail=0
00:00:15.144862 main     VirtualBox: object deletion starts
00:00:15.145284 main     HostDnsMonitor: shutting down ...
00:00:15.152744 main     HostDnsMonitor: shut down
00:00:15.163438 Watcher  ERROR [COM]: aRC=E_ACCESSDENIED (0x80070005) aIID={7682d5eb-f00e-44f1-8ca2-99d08b1cd607} aComponent={VirtualBoxWrap} aText={The object is not ready}, preserve=false aResultDetail=0
00:00:15.163578 main     VirtualBox: object deleted
